<?xml version="1.0" encoding="UTF-8"?>
<testsuite name="id.nadiar.babynames_tests.MiniProjectTest" tests="1" skipped="0" failures="0" errors="0" timestamp="2020-12-28T10:02:23" hostname="Nadiars-MBP" time="0.008">
  <properties/>
  <testcase name="testRunning" classname="id.nadiar.babynames_tests.MiniProjectTest" time="0.008"/>
  <system-out><![CDATA[EXPECTED running!!
]]></system-out>
  <system-err><![CDATA[]]></system-err>
</testsuite>
